<?xml version="1.0" encoding="UTF-8"?>
<!-- Generated by org.testng.reporters.JUnitXMLReporter -->
<testsuite ignored="0" hostname="DESKTOP-HDR50TJ" failures="0" tests="4" name="Default test" time="156.698" errors="0" timestamp="2024-05-23T13:51:57 IST">
  <testcase classname="tests.AdminTest" name="login" time="9.0"/>
  <testcase classname="tests.AdminTest" name="testSearchByUsername" time="4.481"/>
  <testcase classname="tests.AdminTest" name="testSearchByUserRole" time="4.485"/>
  <testcase classname="tests.AdminTest" name="testSearchByUserStatus" time="1.215"/>
</testsuite> <!-- Default test -->
