<?xml version="1.0" encoding="UTF-8"?>
<!-- Generated by org.testng.reporters.JUnitXMLReporter -->
<testsuite ignored="0" hostname="DESKTOP-HDR50TJ" failures="4" tests="5" name="Test" time="451.091" errors="0" timestamp="2024-05-23T13:44:17 IST">
  <testcase classname="webtest.DataDrivenTest" name="testDataDriven" time="30.823"/>
  <testcase classname="webtest.DataDrivenTest" name="testDataDriven" time="50.726">
    <failure type="java.lang.AssertionError" message="Login Fail expected [true] but found [false]">
      <![CDATA[java.lang.AssertionError: Login Fail expected [true] but found [false]
at webtest.DataDrivenTest.testDataDriven(DataDrivenTest.java:38)
at java.base/java.util.ArrayList.forEach(ArrayList.java:1511)
... Removed 30 stack frames]]>
    </failure>
  </testcase> <!-- testDataDriven -->
  <testcase classname="webtest.DataDrivenTest" name="testDataDriven" time="145.176">
    <failure type="java.lang.AssertionError" message="Login Fail expected [true] but found [false]">
      <![CDATA[java.lang.AssertionError: Login Fail expected [true] but found [false]
at webtest.DataDrivenTest.testDataDriven(DataDrivenTest.java:38)
at java.base/java.util.ArrayList.forEach(ArrayList.java:1511)
... Removed 30 stack frames]]>
    </failure>
  </testcase> <!-- testDataDriven -->
  <testcase classname="webtest.DataDrivenTest" name="testDataDriven" time="128.792">
    <failure type="java.lang.AssertionError" message="Login Fail expected [true] but found [false]">
      <![CDATA[java.lang.AssertionError: Login Fail expected [true] but found [false]
at webtest.DataDrivenTest.testDataDriven(DataDrivenTest.java:38)
at java.base/java.util.ArrayList.forEach(ArrayList.java:1511)
... Removed 30 stack frames]]>
    </failure>
  </testcase> <!-- testDataDriven -->
  <testcase classname="webtest.DataDrivenTest" name="testDataDriven" time="73.15">
    <failure type="java.lang.AssertionError" message="Login Fail expected [true] but found [false]">
      <![CDATA[java.lang.AssertionError: Login Fail expected [true] but found [false]
at webtest.DataDrivenTest.testDataDriven(DataDrivenTest.java:38)
at java.base/java.util.ArrayList.forEach(ArrayList.java:1511)
... Removed 30 stack frames]]>
    </failure>
  </testcase> <!-- testDataDriven -->
</testsuite> <!-- Test -->
