<?xml version="1.0" encoding="UTF-8"?>
<testng-results ignored="0" total="4" passed="4" failed="0" skipped="0">
  <reporter-output>
  </reporter-output>
  <suite started-at="2024-05-23T13:49:21 IST" name="Default suite" finished-at="2024-05-23T13:51:57 IST" duration-ms="156698">
    <groups>
    </groups>
    <test started-at="2024-05-23T13:49:21 IST" name="Default test" finished-at="2024-05-23T13:51:57 IST" duration-ms="156698">
      <class name="tests.AdminTest">
        <test-method is-config="true" signature="setUp()[pri:0, instance:tests.AdminTest@6c1a5b54]" started-at="2024-05-23T13:49:21 IST" name="setUp" finished-at="2024-05-23T13:51:38 IST" duration-ms="137374" status="PASS">
          <reporter-output>
          </reporter-output>
        </test-method> <!-- setUp -->
        <test-method signature="login()[pri:1, instance:tests.AdminTest@6c1a5b54]" started-at="2024-05-23T13:51:38 IST" name="login" finished-at="2024-05-23T13:51:47 IST" duration-ms="9000" status="PASS">
          <reporter-output>
          </reporter-output>
        </test-method> <!-- login -->
        <test-method signature="testSearchByUsername()[pri:2, instance:tests.AdminTest@6c1a5b54]" started-at="2024-05-23T13:51:47 IST" name="testSearchByUsername" finished-at="2024-05-23T13:51:52 IST" duration-ms="4481" status="PASS">
          <reporter-output>
          </reporter-output>
        </test-method> <!-- testSearchByUsername -->
        <test-method signature="testSearchByUserRole()[pri:3, instance:tests.AdminTest@6c1a5b54]" started-at="2024-05-23T13:51:52 IST" name="testSearchByUserRole" finished-at="2024-05-23T13:51:56 IST" duration-ms="4485" status="PASS">
          <reporter-output>
          </reporter-output>
        </test-method> <!-- testSearchByUserRole -->
        <test-method signature="testSearchByUserStatus()[pri:4, instance:tests.AdminTest@6c1a5b54]" started-at="2024-05-23T13:51:56 IST" name="testSearchByUserStatus" finished-at="2024-05-23T13:51:57 IST" duration-ms="1215" status="PASS">
          <reporter-output>
          </reporter-output>
        </test-method> <!-- testSearchByUserStatus -->
      </class> <!-- tests.AdminTest -->
    </test> <!-- Default test -->
  </suite> <!-- Default suite -->
</testng-results>
